# JRE version: OpenJDK Runtime Environment Temurin-21.0.10+7 (21.0.10+7) (build 21.0.10+7-LTS)
# Java VM: OpenJDK 64-Bit Server VM Temurin-21.0.10+7 (21.0.10+7-LTS, mixed mode, sharing, tiered, compressed oops, compressed class ptrs, parallel gc, windows-amd64)
GC Precious Log:
 CardTable entry size: 512
 CPUs: 4 total, 4 available
 Memory: 6091M
 Large Page Support: Disabled
 NUMA Support: Disabled
 Compressed Oops: Enabled (32-bit)
 Alignments: Space 512K, Generation 512K, Heap 2M
 Heap Min Capacity: 100M
 Heap Initial Capacity: 100M
 Heap Max Capacity: 2G
 Pre-touch: Disabled
 Parallel Workers: 4
Heap:
 PSYoungGen      total 3072K, used 783K [0x00000000d5580000, 0x00000000d5980000, 0x0000000100000000)
  eden space 2560K, 25% used [0x00000000d5580000,0x00000000d5623d30,0x00000000d5800000)
  from space 512K, 25% used [0x00000000d5880000,0x00000000d58a0000,0x00000000d5900000)
  to   space 512K, 0% used [0x00000000d5900000,0x00000000d5900000,0x00000000d5980000)
 ParOldGen       total 139264K, used 139187K [0x0000000080000000, 0x0000000088800000, 0x00000000d5580000)
  object space 139264K, 99% used [0x0000000080000000,0x00000000887ecf38,0x0000000088800000)
 Metaspace       used 61637K, committed 63040K, reserved 1114112K
  class space    used 6499K, committed 7168K, reserved 1048576K
GC Heap History (20 events):
Event: 103.668 GC heap before
{Heap before GC invocations=273 (full 3):
 PSYoungGen      total 3584K, used 3422K [0x00000000d5580000, 0x00000000d5a00000, 0x0000000100000000)
  eden space 2560K, 100% used [0x00000000d5580000,0x00000000d5800000,0x00000000d5800000)
  from space 1024K, 84% used [0x00000000d5800000,0x00000000d58d7810,0x00000000d5900000)
  to   space 1024K, 0% used [0x00000000d5900000,0x00000000d5900000,0x00000000d5a00000)
 ParOldGen       total 132096K, used 131808K [0x0000000080000000, 0x0000000088100000, 0x00000000d5580000)
  object space 132096K, 99% used [0x0000000080000000,0x00000000880b80f8,0x0000000088100000)
 Metaspace       used 61567K, committed 63040K, reserved 1114112K
  class space    used 6496K, committed 7168K, reserved 1048576K
}
Event: 103.670 GC heap after
{Heap after GC invocations=273 (full 3):
 PSYoungGen      total 3584K, used 904K [0x00000000d5580000, 0x00000000d5a00000, 0x0000000100000000)
  eden space 2560K, 0% used [0x00000000d5580000,0x00000000d5580000,0x00000000d5800000)
  from space 1024K, 88% used [0x00000000d5900000,0x00000000d59e23e0,0x00000000d5a00000)
  to   space 1024K, 0% used [0x00000000d5800000,0x00000000d5800000,0x00000000d5900000)
 ParOldGen       total 133120K, used 132626K [0x0000000080000000, 0x0000000088200000, 0x00000000d5580000)
  object space 133120K, 99% used [0x0000000080000000,0x0000000088184b90,0x0000000088200000)
 Metaspace       used 61567K, committed 63040K, reserved 1114112K
  class space    used 6496K, committed 7168K, reserved 1048576K
}
Event: 103.730 GC heap before
{Heap before GC invocations=274 (full 3):
 PSYoungGen      total 3584K, used 3464K [0x00000000d5580000, 0x00000000d5a00000, 0x0000000100000000)
  eden space 2560K, 100% used [0x00000000d5580000,0x00000000d5800000,0x00000000d5800000)
  from space 1024K, 88% used [0x00000000d5900000,0x00000000d59e23e0,0x00000000d5a00000)
  to   space 1024K, 0% used [0x00000000d5800000,0x00000000d5800000,0x00000000d5900000)
 ParOldGen       total 133120K, used 132626K [0x0000000080000000, 0x0000000088200000, 0x00000000d5580000)
  object space 133120K, 99% used [0x0000000080000000,0x0000000088184b90,0x0000000088200000)
 Metaspace       used 61567K, committed 63040K, reserved 1114112K
  class space    used 6496K, committed 7168K, reserved 1048576K
}
Event: 103.733 GC heap after
{Heap after GC invocations=274 (full 3):
 PSYoungGen      total 3584K, used 996K [0x00000000d5580000, 0x00000000d5d00000, 0x0000000100000000)
  eden space 2560K, 0% used [0x00000000d5580000,0x00000000d5580000,0x00000000d5800000)
  from space 1024K, 97% used [0x00000000d5800000,0x00000000d58f9008,0x00000000d5900000)
  to   space 2560K, 0% used [0x00000000d5a80000,0x00000000d5a80000,0x00000000d5d00000)
 ParOldGen       total 133632K, used 133605K [0x0000000080000000, 0x0000000088280000, 0x00000000d5580000)
  object space 133632K, 99% used [0x0000000080000000,0x0000000088279778,0x0000000088280000)
 Metaspace       used 61567K, committed 63040K, reserved 1114112K
  class space    used 6496K, committed 7168K, reserved 1048576K
}
Event: 103.835 GC heap before
{Heap before GC invocations=275 (full 3):
 PSYoungGen      total 3584K, used 3556K [0x00000000d5580000, 0x00000000d5d00000, 0x0000000100000000)
  eden space 2560K, 100% used [0x00000000d5580000,0x00000000d5800000,0x00000000d5800000)
  from space 1024K, 97% used [0x00000000d5800000,0x00000000d58f9008,0x00000000d5900000)
  to   space 2560K, 0% used [0x00000000d5a80000,0x00000000d5a80000,0x00000000d5d00000)
 ParOldGen       total 133632K, used 133605K [0x0000000080000000, 0x0000000088280000, 0x00000000d5580000)
  object space 133632K, 99% used [0x0000000080000000,0x0000000088279778,0x0000000088280000)
 Metaspace       used 61568K, committed 63040K, reserved 1114112K
  class space    used 6496K, committed 7168K, reserved 1048576K
}
Event: 103.838 GC heap after
{Heap after GC invocations=275 (full 3):
 PSYoungGen      total 3584K, used 978K [0x00000000d5580000, 0x00000000d5b80000, 0x0000000100000000)
  eden space 2560K, 0% used [0x00000000d5580000,0x00000000d5580000,0x00000000d5800000)
  from space 1024K, 95% used [0x00000000d5a80000,0x00000000d5b74808,0x00000000d5b80000)
  to   space 1536K, 0% used [0x00000000d5880000,0x00000000d5880000,0x00000000d5a00000)
 ParOldGen       total 134656K, used 134559K [0x0000000080000000, 0x0000000088380000, 0x00000000d5580000)
  object space 134656K, 99% used [0x0000000080000000,0x0000000088367f38,0x0000000088380000)
 Metaspace       used 61568K, committed 63040K, reserved 1114112K
  class space    used 6496K, committed 7168K, reserved 1048576K
}
Event: 104.093 GC heap before
{Heap before GC invocations=276 (full 3):
 PSYoungGen      total 3584K, used 3538K [0x00000000d5580000, 0x00000000d5b80000, 0x0000000100000000)
  eden space 2560K, 100% used [0x00000000d5580000,0x00000000d5800000,0x00000000d5800000)
  from space 1024K, 95% used [0x00000000d5a80000,0x00000000d5b74808,0x00000000d5b80000)
  to   space 1536K, 0% used [0x00000000d5880000,0x00000000d5880000,0x00000000d5a00000)
 ParOldGen       total 134656K, used 134559K [0x0000000080000000, 0x0000000088380000, 0x00000000d5580000)
  object space 134656K, 99% used [0x0000000080000000,0x0000000088367f38,0x0000000088380000)
 Metaspace       used 61568K, committed 63040K, reserved 1114112K
  class space    used 6496K, committed 7168K, reserved 1048576K
}
Event: 104.095 GC heap after
{Heap after GC invocations=276 (full 3):
 PSYoungGen      total 4096K, used 924K [0x00000000d5580000, 0x00000000d5b00000, 0x0000000100000000)
  eden space 2560K, 0% used [0x00000000d5580000,0x00000000d5580000,0x00000000d5800000)
  from space 1536K, 60% used [0x00000000d5880000,0x00000000d5967018,0x00000000d5a00000)
  to   space 1024K, 0% used [0x00000000d5a00000,0x00000000d5a00000,0x00000000d5b00000)
 ParOldGen       total 135680K, used 135346K [0x0000000080000000, 0x0000000088480000, 0x00000000d5580000)
  object space 135680K, 99% used [0x0000000080000000,0x000000008842cb28,0x0000000088480000)
 Metaspace       used 61568K, committed 63040K, reserved 1114112K
  class space    used 6496K, committed 7168K, reserved 1048576K
}
Event: 104.325 GC heap before
{Heap before GC invocations=277 (full 3):
 PSYoungGen      total 4096K, used 3484K [0x00000000d5580000, 0x00000000d5b00000, 0x0000000100000000)
  eden space 2560K, 100% used [0x00000000d5580000,0x00000000d5800000,0x00000000d5800000)
  from space 1536K, 60% used [0x00000000d5880000,0x00000000d5967018,0x00000000d5a00000)
  to   space 1024K, 0% used [0x00000000d5a00000,0x00000000d5a00000,0x00000000d5b00000)
 ParOldGen       total 135680K, used 135346K [0x0000000080000000, 0x0000000088480000, 0x00000000d5580000)
  object space 135680K, 99% used [0x0000000080000000,0x000000008842cb28,0x0000000088480000)
 Metaspace       used 61569K, committed 63040K, reserved 1114112K
  class space    used 6496K, committed 7168K, reserved 1048576K
}
Event: 104.327 GC heap after
{Heap after GC invocations=277 (full 3):
 PSYoungGen      total 3584K, used 1024K [0x00000000d5580000, 0x00000000d5b00000, 0x0000000100000000)
  eden space 2560K, 0% used [0x00000000d5580000,0x00000000d5580000,0x00000000d5800000)
  from space 1024K, 100% used [0x00000000d5a00000,0x00000000d5b00000,0x00000000d5b00000)
  to   space 1536K, 0% used [0x00000000d5800000,0x00000000d5800000,0x00000000d5980000)
 ParOldGen       total 136704K, used 136228K [0x0000000080000000, 0x0000000088580000, 0x00000000d5580000)
  object space 136704K, 99% used [0x0000000080000000,0x00000000885093d0,0x0000000088580000)
 Metaspace       used 61569K, committed 63040K, reserved 1114112K
  class space    used 6496K, committed 7168K, reserved 1048576K
}
Event: 104.438 GC heap before
{Heap before GC invocations=278 (full 3):
 PSYoungGen      total 3584K, used 3584K [0x00000000d5580000, 0x00000000d5b00000, 0x0000000100000000)
  eden space 2560K, 100% used [0x00000000d5580000,0x00000000d5800000,0x00000000d5800000)
  from space 1024K, 100% used [0x00000000d5a00000,0x00000000d5b00000,0x00000000d5b00000)
  to   space 1536K, 0% used [0x00000000d5800000,0x00000000d5800000,0x00000000d5980000)
 ParOldGen       total 136704K, used 136228K [0x0000000080000000, 0x0000000088580000, 0x00000000d5580000)
  object space 136704K, 99% used [0x0000000080000000,0x00000000885093d0,0x0000000088580000)
 Metaspace       used 61569K, committed 63040K, reserved 1114112K
  class space    used 6496K, committed 7168K, reserved 1048576K
}
Event: 104.440 GC heap after
{Heap after GC invocations=278 (full 3):
 PSYoungGen      total 4096K, used 1170K [0x00000000d5580000, 0x00000000d5b00000, 0x0000000100000000)
  eden space 2560K, 0% used [0x00000000d5580000,0x00000000d5580000,0x00000000d5800000)
  from space 1536K, 76% used [0x00000000d5800000,0x00000000d5924808,0x00000000d5980000)
  to   space 1536K, 0% used [0x00000000d5980000,0x00000000d5980000,0x00000000d5b00000)
 ParOldGen       total 137216K, used 136941K [0x0000000080000000, 0x0000000088600000, 0x00000000d5580000)
  object space 137216K, 99% used [0x0000000080000000,0x00000000885bb7c8,0x0000000088600000)
 Metaspace       used 61569K, committed 63040K, reserved 1114112K
  class space    used 6496K, committed 7168K, reserved 1048576K
}
Event: 104.614 GC heap before
{Heap before GC invocations=279 (full 3):
 PSYoungGen      total 4096K, used 3730K [0x00000000d5580000, 0x00000000d5b00000, 0x0000000100000000)
  eden space 2560K, 100% used [0x00000000d5580000,0x00000000d5800000,0x00000000d5800000)
  from space 1536K, 76% used [0x00000000d5800000,0x00000000d5924808,0x00000000d5980000)
  to   space 1536K, 0% used [0x00000000d5980000,0x00000000d5980000,0x00000000d5b00000)
 ParOldGen       total 137216K, used 136941K [0x0000000080000000, 0x0000000088600000, 0x00000000d5580000)
  object space 137216K, 99% used [0x0000000080000000,0x00000000885bb7c8,0x0000000088600000)
 Metaspace       used 61569K, committed 63040K, reserved 1114112K
  class space    used 6496K, committed 7168K, reserved 1048576K
}
Event: 104.618 GC heap after
{Heap after GC invocations=279 (full 3):
 PSYoungGen      total 4096K, used 1088K [0x00000000d5580000, 0x00000000d5b00000, 0x0000000100000000)
  eden space 2560K, 0% used [0x00000000d5580000,0x00000000d5580000,0x00000000d5800000)
  from space 1536K, 70% used [0x00000000d5980000,0x00000000d5a90000,0x00000000d5b00000)
  to   space 1536K, 0% used [0x00000000d5800000,0x00000000d5800000,0x00000000d5980000)
 ParOldGen       total 138240K, used 137830K [0x0000000080000000, 0x0000000088700000, 0x00000000d5580000)
  object space 138240K, 99% used [0x0000000080000000,0x0000000088699b78,0x0000000088700000)
 Metaspace       used 61569K, committed 63040K, reserved 1114112K
  class space    used 6496K, committed 7168K, reserved 1048576K
}
Event: 104.940 GC heap before
{Heap before GC invocations=280 (full 3):
 PSYoungGen      total 4096K, used 3647K [0x00000000d5580000, 0x00000000d5b00000, 0x0000000100000000)
  eden space 2560K, 99% used [0x00000000d5580000,0x00000000d57ffe40,0x00000000d5800000)
  from space 1536K, 70% used [0x00000000d5980000,0x00000000d5a90000,0x00000000d5b00000)
  to   space 1536K, 0% used [0x00000000d5800000,0x00000000d5800000,0x00000000d5980000)
 ParOldGen       total 138240K, used 137830K [0x0000000080000000, 0x0000000088700000, 0x00000000d5580000)
  object space 138240K, 99% used [0x0000000080000000,0x0000000088699b78,0x0000000088700000)
 Metaspace       used 61589K, committed 63040K, reserved 1114112K
  class space    used 6497K, committed 7168K, reserved 1048576K
}
Event: 104.942 GC heap after
{Heap after GC invocations=280 (full 3):
 PSYoungGen      total 3584K, used 640K [0x00000000d5580000, 0x00000000d5a00000, 0x0000000100000000)
  eden space 2560K, 0% used [0x00000000d5580000,0x00000000d5580000,0x00000000d5800000)
  from space 1024K, 62% used [0x00000000d5800000,0x00000000d58a0020,0x00000000d5900000)
  to   space 1024K, 0% used [0x00000000d5900000,0x00000000d5900000,0x00000000d5a00000)
 ParOldGen       total 138752K, used 138581K [0x0000000080000000, 0x0000000088780000, 0x00000000d5580000)
  object space 138752K, 99% used [0x0000000080000000,0x00000000887554f0,0x0000000088780000)
 Metaspace       used 61589K, committed 63040K, reserved 1114112K
  class space    used 6497K, committed 7168K, reserved 1048576K
}
Event: 104.973 GC heap before
{Heap before GC invocations=281 (full 3):
 PSYoungGen      total 3584K, used 3194K [0x00000000d5580000, 0x00000000d5a00000, 0x0000000100000000)
  eden space 2560K, 99% used [0x00000000d5580000,0x00000000d57fe988,0x00000000d5800000)
  from space 1024K, 62% used [0x00000000d5800000,0x00000000d58a0020,0x00000000d5900000)
  to   space 1024K, 0% used [0x00000000d5900000,0x00000000d5900000,0x00000000d5a00000)
 ParOldGen       total 138752K, used 138581K [0x0000000080000000, 0x0000000088780000, 0x00000000d5580000)
  object space 138752K, 99% used [0x0000000080000000,0x00000000887554f0,0x0000000088780000)
 Metaspace       used 61593K, committed 63040K, reserved 1114112K
  class space    used 6497K, committed 7168K, reserved 1048576K
}
Event: 104.974 GC heap after
{Heap after GC invocations=281 (full 3):
 PSYoungGen      total 3072K, used 128K [0x00000000d5580000, 0x00000000d5980000, 0x0000000100000000)
  eden space 2560K, 0% used [0x00000000d5580000,0x00000000d5580000,0x00000000d5800000)
  from space 512K, 25% used [0x00000000d5900000,0x00000000d5920000,0x00000000d5980000)
  to   space 512K, 0% used [0x00000000d5880000,0x00000000d5880000,0x00000000d5900000)
 ParOldGen       total 139264K, used 139163K [0x0000000080000000, 0x0000000088800000, 0x00000000d5580000)
  object space 139264K, 99% used [0x0000000080000000,0x00000000887e6f38,0x0000000088800000)
 Metaspace       used 61593K, committed 63040K, reserved 1114112K
  class space    used 6497K, committed 7168K, reserved 1048576K
}
Event: 105.155 GC heap before
{Heap before GC invocations=282 (full 3):
 PSYoungGen      total 3072K, used 2688K [0x00000000d5580000, 0x00000000d5980000, 0x0000000100000000)
  eden space 2560K, 100% used [0x00000000d5580000,0x00000000d5800000,0x00000000d5800000)
  from space 512K, 25% used [0x00000000d5900000,0x00000000d5920000,0x00000000d5980000)
  to   space 512K, 0% used [0x00000000d5880000,0x00000000d5880000,0x00000000d5900000)
 ParOldGen       total 139264K, used 139163K [0x0000000080000000, 0x0000000088800000, 0x00000000d5580000)
  object space 139264K, 99% used [0x0000000080000000,0x00000000887e6f38,0x0000000088800000)
 Metaspace       used 61606K, committed 63040K, reserved 1114112K
  class space    used 6497K, committed 7168K, reserved 1048576K
}
Event: 105.156 GC heap after
{Heap after GC invocations=282 (full 3):
 PSYoungGen      total 3072K, used 128K [0x00000000d5580000, 0x00000000d5980000, 0x0000000100000000)
  eden space 2560K, 0% used [0x00000000d5580000,0x00000000d5580000,0x00000000d5800000)
  from space 512K, 25% used [0x00000000d5880000,0x00000000d58a0000,0x00000000d5900000)
  to   space 512K, 0% used [0x00000000d5900000,0x00000000d5900000,0x00000000d5980000)
 ParOldGen       total 139264K, used 139187K [0x0000000080000000, 0x0000000088800000, 0x00000000d5580000)
  object space 139264K, 99% used [0x0000000080000000,0x00000000887ecf38,0x0000000088800000)
 Metaspace       used 61606K, committed 63040K, reserved 1114112K
  class space    used 6497K, committed 7168K, reserved 1048576K
}

