# JRE version: OpenJDK Runtime Environment Temurin-21.0.11+10 (21.0.11+10) (build 21.0.11+10-LTS)
# Java VM: OpenJDK 64-Bit Server VM Temurin-21.0.11+10 (21.0.11+10-LTS, mixed mode, sharing, tiered, compressed oops, compressed class ptrs, parallel gc, windows-amd64)
GC Precious Log:
 CardTable entry size: 512
 CPUs: 4 total, 4 available
 Memory: 6091M
 Large Page Support: Disabled
 NUMA Support: Disabled
 Compressed Oops: Enabled (32-bit)
 Alignments: Space 512K, Generation 512K, Heap 2M
 Heap Min Capacity: 100M
 Heap Initial Capacity: 100M
 Heap Max Capacity: 2G
 Pre-touch: Disabled
 Parallel Workers: 4
Heap:
 PSYoungGen      total 4608K, used 1821K [0x00000000d5580000, 0x00000000d5b00000, 0x0000000100000000)
  eden space 4096K, 36% used [0x00000000d5580000,0x00000000d56f7578,0x00000000d5980000)
  from space 512K, 62% used [0x00000000d5a00000,0x00000000d5a50020,0x00000000d5a80000)
  to   space 512K, 0% used [0x00000000d5a80000,0x00000000d5a80000,0x00000000d5b00000)
 ParOldGen       total 969728K, used 151737K [0x0000000080000000, 0x00000000bb300000, 0x00000000d5580000)
  object space 969728K, 15% used [0x0000000080000000,0x000000008942e6a0,0x00000000bb300000)
 Metaspace       used 75041K, committed 76672K, reserved 1179648K
  class space    used 7508K, committed 8320K, reserved 1048576K
GC Heap History (20 events):
Event: 8292.701 GC heap before
{Heap before GC invocations=758 (full 4):
 PSYoungGen      total 5120K, used 5120K [0x00000000d5580000, 0x00000000d5c00000, 0x0000000100000000)
  eden space 4608K, 100% used [0x00000000d5580000,0x00000000d5a00000,0x00000000d5a00000)
  from space 512K, 100% used [0x00000000d5a80000,0x00000000d5b00000,0x00000000d5b00000)
  to   space 1024K, 0% used [0x00000000d5b00000,0x00000000d5b00000,0x00000000d5c00000)
 ParOldGen       total 969728K, used 148601K [0x0000000080000000, 0x00000000bb300000, 0x00000000d5580000)
  object space 969728K, 15% used [0x0000000080000000,0x000000008911e630,0x00000000bb300000)
 Metaspace       used 74729K, committed 76352K, reserved 1179648K
  class space    used 7484K, committed 8320K, reserved 1048576K
}
Event: 8292.704 GC heap after
{Heap after GC invocations=758 (full 4):
 PSYoungGen      total 5632K, used 544K [0x00000000d5580000, 0x00000000d5c00000, 0x0000000100000000)
  eden space 4608K, 0% used [0x00000000d5580000,0x00000000d5580000,0x00000000d5a00000)
  from space 1024K, 53% used [0x00000000d5b00000,0x00000000d5b88000,0x00000000d5c00000)
  to   space 1024K, 0% used [0x00000000d5a00000,0x00000000d5a00000,0x00000000d5b00000)
 ParOldGen       total 969728K, used 148961K [0x0000000080000000, 0x00000000bb300000, 0x00000000d5580000)
  object space 969728K, 15% used [0x0000000080000000,0x0000000089178630,0x00000000bb300000)
 Metaspace       used 74729K, committed 76352K, reserved 1179648K
  class space    used 7484K, committed 8320K, reserved 1048576K
}
Event: 8292.722 GC heap before
{Heap before GC invocations=759 (full 4):
 PSYoungGen      total 5632K, used 5152K [0x00000000d5580000, 0x00000000d5c00000, 0x0000000100000000)
  eden space 4608K, 100% used [0x00000000d5580000,0x00000000d5a00000,0x00000000d5a00000)
  from space 1024K, 53% used [0x00000000d5b00000,0x00000000d5b88000,0x00000000d5c00000)
  to   space 1024K, 0% used [0x00000000d5a00000,0x00000000d5a00000,0x00000000d5b00000)
 ParOldGen       total 969728K, used 148961K [0x0000000080000000, 0x00000000bb300000, 0x00000000d5580000)
  object space 969728K, 15% used [0x0000000080000000,0x0000000089178630,0x00000000bb300000)
 Metaspace       used 74731K, committed 76352K, reserved 1179648K
  class space    used 7484K, committed 8320K, reserved 1048576K
}
Event: 8292.725 GC heap after
{Heap after GC invocations=759 (full 4):
 PSYoungGen      total 5632K, used 384K [0x00000000d5580000, 0x00000000d5b80000, 0x0000000100000000)
  eden space 4608K, 0% used [0x00000000d5580000,0x00000000d5580000,0x00000000d5a00000)
  from space 1024K, 37% used [0x00000000d5a00000,0x00000000d5a60020,0x00000000d5b00000)
  to   space 512K, 0% used [0x00000000d5b00000,0x00000000d5b00000,0x00000000d5b80000)
 ParOldGen       total 969728K, used 149209K [0x0000000080000000, 0x00000000bb300000, 0x00000000d5580000)
  object space 969728K, 15% used [0x0000000080000000,0x00000000891b6630,0x00000000bb300000)
 Metaspace       used 74731K, committed 76352K, reserved 1179648K
  class space    used 7484K, committed 8320K, reserved 1048576K
}
Event: 8292.764 GC heap before
{Heap before GC invocations=760 (full 4):
 PSYoungGen      total 5632K, used 4992K [0x00000000d5580000, 0x00000000d5b80000, 0x0000000100000000)
  eden space 4608K, 100% used [0x00000000d5580000,0x00000000d5a00000,0x00000000d5a00000)
  from space 1024K, 37% used [0x00000000d5a00000,0x00000000d5a60020,0x00000000d5b00000)
  to   space 512K, 0% used [0x00000000d5b00000,0x00000000d5b00000,0x00000000d5b80000)
 ParOldGen       total 969728K, used 149209K [0x0000000080000000, 0x00000000bb300000, 0x00000000d5580000)
  object space 969728K, 15% used [0x0000000080000000,0x00000000891b6630,0x00000000bb300000)
 Metaspace       used 74734K, committed 76352K, reserved 1179648K
  class space    used 7484K, committed 8320K, reserved 1048576K
}
Event: 8292.771 GC heap after
{Heap after GC invocations=760 (full 4):
 PSYoungGen      total 4608K, used 512K [0x00000000d5580000, 0x00000000d5d00000, 0x0000000100000000)
  eden space 4096K, 0% used [0x00000000d5580000,0x00000000d5580000,0x00000000d5980000)
  from space 512K, 100% used [0x00000000d5b00000,0x00000000d5b80000,0x00000000d5b80000)
  to   space 1536K, 0% used [0x00000000d5980000,0x00000000d5980000,0x00000000d5b00000)
 ParOldGen       total 969728K, used 149713K [0x0000000080000000, 0x00000000bb300000, 0x00000000d5580000)
  object space 969728K, 15% used [0x0000000080000000,0x0000000089234650,0x00000000bb300000)
 Metaspace       used 74734K, committed 76352K, reserved 1179648K
  class space    used 7484K, committed 8320K, reserved 1048576K
}
Event: 8292.889 GC heap before
{Heap before GC invocations=761 (full 4):
 PSYoungGen      total 4608K, used 4608K [0x00000000d5580000, 0x00000000d5d00000, 0x0000000100000000)
  eden space 4096K, 100% used [0x00000000d5580000,0x00000000d5980000,0x00000000d5980000)
  from space 512K, 100% used [0x00000000d5b00000,0x00000000d5b80000,0x00000000d5b80000)
  to   space 1536K, 0% used [0x00000000d5980000,0x00000000d5980000,0x00000000d5b00000)
 ParOldGen       total 969728K, used 149713K [0x0000000080000000, 0x00000000bb300000, 0x00000000d5580000)
  object space 969728K, 15% used [0x0000000080000000,0x0000000089234650,0x00000000bb300000)
 Metaspace       used 74735K, committed 76352K, reserved 1179648K
  class space    used 7484K, committed 8320K, reserved 1048576K
}
Event: 8292.894 GC heap after
{Heap after GC invocations=761 (full 4):
 PSYoungGen      total 4608K, used 320K [0x00000000d5580000, 0x00000000d5b80000, 0x0000000100000000)
  eden space 4096K, 0% used [0x00000000d5580000,0x00000000d5580000,0x00000000d5980000)
  from space 512K, 62% used [0x00000000d5980000,0x00000000d59d0000,0x00000000d5a00000)
  to   space 1024K, 0% used [0x00000000d5a80000,0x00000000d5a80000,0x00000000d5b80000)
 ParOldGen       total 969728K, used 150224K [0x0000000080000000, 0x00000000bb300000, 0x00000000d5580000)
  object space 969728K, 15% used [0x0000000080000000,0x00000000892b40e8,0x00000000bb300000)
 Metaspace       used 74735K, committed 76352K, reserved 1179648K
  class space    used 7484K, committed 8320K, reserved 1048576K
}
Event: 8293.152 GC heap before
{Heap before GC invocations=762 (full 4):
 PSYoungGen      total 4608K, used 4364K [0x00000000d5580000, 0x00000000d5b80000, 0x0000000100000000)
  eden space 4096K, 98% used [0x00000000d5580000,0x00000000d5973268,0x00000000d5980000)
  from space 512K, 62% used [0x00000000d5980000,0x00000000d59d0000,0x00000000d5a00000)
  to   space 1024K, 0% used [0x00000000d5a80000,0x00000000d5a80000,0x00000000d5b80000)
 ParOldGen       total 969728K, used 150224K [0x0000000080000000, 0x00000000bb300000, 0x00000000d5580000)
  object space 969728K, 15% used [0x0000000080000000,0x00000000892b40e8,0x00000000bb300000)
 Metaspace       used 74735K, committed 76352K, reserved 1179648K
  class space    used 7484K, committed 8320K, reserved 1048576K
}
Event: 8293.155 GC heap after
{Heap after GC invocations=762 (full 4):
 PSYoungGen      total 4608K, used 288K [0x00000000d5580000, 0x00000000d5b00000, 0x0000000100000000)
  eden space 4096K, 0% used [0x00000000d5580000,0x00000000d5580000,0x00000000d5980000)
  from space 512K, 56% used [0x00000000d5a80000,0x00000000d5ac8000,0x00000000d5b00000)
  to   space 512K, 0% used [0x00000000d5980000,0x00000000d5980000,0x00000000d5a00000)
 ParOldGen       total 969728K, used 150504K [0x0000000080000000, 0x00000000bb300000, 0x00000000d5580000)
  object space 969728K, 15% used [0x0000000080000000,0x00000000892fa0e8,0x00000000bb300000)
 Metaspace       used 74735K, committed 76352K, reserved 1179648K
  class space    used 7484K, committed 8320K, reserved 1048576K
}
Event: 8293.579 GC heap before
{Heap before GC invocations=763 (full 4):
 PSYoungGen      total 4608K, used 4384K [0x00000000d5580000, 0x00000000d5b00000, 0x0000000100000000)
  eden space 4096K, 100% used [0x00000000d5580000,0x00000000d5980000,0x00000000d5980000)
  from space 512K, 56% used [0x00000000d5a80000,0x00000000d5ac8000,0x00000000d5b00000)
  to   space 512K, 0% used [0x00000000d5980000,0x00000000d5980000,0x00000000d5a00000)
 ParOldGen       total 969728K, used 150504K [0x0000000080000000, 0x00000000bb300000, 0x00000000d5580000)
  object space 969728K, 15% used [0x0000000080000000,0x00000000892fa0e8,0x00000000bb300000)
 Metaspace       used 74735K, committed 76352K, reserved 1179648K
  class space    used 7484K, committed 8320K, reserved 1048576K
}
Event: 8293.581 GC heap after
{Heap after GC invocations=763 (full 4):
 PSYoungGen      total 4608K, used 128K [0x00000000d5580000, 0x00000000d5b00000, 0x0000000100000000)
  eden space 4096K, 0% used [0x00000000d5580000,0x00000000d5580000,0x00000000d5980000)
  from space 512K, 25% used [0x00000000d5980000,0x00000000d59a0000,0x00000000d5a00000)
  to   space 512K, 0% used [0x00000000d5a80000,0x00000000d5a80000,0x00000000d5b00000)
 ParOldGen       total 969728K, used 150720K [0x0000000080000000, 0x00000000bb300000, 0x00000000d5580000)
  object space 969728K, 15% used [0x0000000080000000,0x00000000893300e8,0x00000000bb300000)
 Metaspace       used 74735K, committed 76352K, reserved 1179648K
  class space    used 7484K, committed 8320K, reserved 1048576K
}
Event: 8293.653 GC heap before
{Heap before GC invocations=764 (full 4):
 PSYoungGen      total 4608K, used 4224K [0x00000000d5580000, 0x00000000d5b00000, 0x0000000100000000)
  eden space 4096K, 100% used [0x00000000d5580000,0x00000000d5980000,0x00000000d5980000)
  from space 512K, 25% used [0x00000000d5980000,0x00000000d59a0000,0x00000000d5a00000)
  to   space 512K, 0% used [0x00000000d5a80000,0x00000000d5a80000,0x00000000d5b00000)
 ParOldGen       total 969728K, used 150720K [0x0000000080000000, 0x00000000bb300000, 0x00000000d5580000)
  object space 969728K, 15% used [0x0000000080000000,0x00000000893300e8,0x00000000bb300000)
 Metaspace       used 74736K, committed 76352K, reserved 1179648K
  class space    used 7484K, committed 8320K, reserved 1048576K
}
Event: 8293.655 GC heap after
{Heap after GC invocations=764 (full 4):
 PSYoungGen      total 4608K, used 512K [0x00000000d5580000, 0x00000000d5b80000, 0x0000000100000000)
  eden space 4096K, 0% used [0x00000000d5580000,0x00000000d5580000,0x00000000d5980000)
  from space 512K, 100% used [0x00000000d5a80000,0x00000000d5b00000,0x00000000d5b00000)
  to   space 1024K, 0% used [0x00000000d5980000,0x00000000d5980000,0x00000000d5a80000)
 ParOldGen       total 969728K, used 150872K [0x0000000080000000, 0x00000000bb300000, 0x00000000d5580000)
  object space 969728K, 15% used [0x0000000080000000,0x00000000893560e8,0x00000000bb300000)
 Metaspace       used 74736K, committed 76352K, reserved 1179648K
  class space    used 7484K, committed 8320K, reserved 1048576K
}
Event: 8293.683 GC heap before
{Heap before GC invocations=765 (full 4):
 PSYoungGen      total 4608K, used 4608K [0x00000000d5580000, 0x00000000d5b80000, 0x0000000100000000)
  eden space 4096K, 100% used [0x00000000d5580000,0x00000000d5980000,0x00000000d5980000)
  from space 512K, 100% used [0x00000000d5a80000,0x00000000d5b00000,0x00000000d5b00000)
  to   space 1024K, 0% used [0x00000000d5980000,0x00000000d5980000,0x00000000d5a80000)
 ParOldGen       total 969728K, used 150872K [0x0000000080000000, 0x00000000bb300000, 0x00000000d5580000)
  object space 969728K, 15% used [0x0000000080000000,0x00000000893560e8,0x00000000bb300000)
 Metaspace       used 74741K, committed 76352K, reserved 1179648K
  class space    used 7484K, committed 8320K, reserved 1048576K
}
Event: 8293.686 GC heap after
{Heap after GC invocations=765 (full 4):
 PSYoungGen      total 5120K, used 576K [0x00000000d5580000, 0x00000000d5b80000, 0x0000000100000000)
  eden space 4096K, 0% used [0x00000000d5580000,0x00000000d5580000,0x00000000d5980000)
  from space 1024K, 56% used [0x00000000d5980000,0x00000000d5a10000,0x00000000d5a80000)
  to   space 1024K, 0% used [0x00000000d5a80000,0x00000000d5a80000,0x00000000d5b80000)
 ParOldGen       total 969728K, used 151280K [0x0000000080000000, 0x00000000bb300000, 0x00000000d5580000)
  object space 969728K, 15% used [0x0000000080000000,0x00000000893bc0e8,0x00000000bb300000)
 Metaspace       used 74741K, committed 76352K, reserved 1179648K
  class space    used 7484K, committed 8320K, reserved 1048576K
}
Event: 8293.823 GC heap before
{Heap before GC invocations=766 (full 4):
 PSYoungGen      total 5120K, used 4672K [0x00000000d5580000, 0x00000000d5b80000, 0x0000000100000000)
  eden space 4096K, 100% used [0x00000000d5580000,0x00000000d5980000,0x00000000d5980000)
  from space 1024K, 56% used [0x00000000d5980000,0x00000000d5a10000,0x00000000d5a80000)
  to   space 1024K, 0% used [0x00000000d5a80000,0x00000000d5a80000,0x00000000d5b80000)
 ParOldGen       total 969728K, used 151280K [0x0000000080000000, 0x00000000bb300000, 0x00000000d5580000)
  object space 969728K, 15% used [0x0000000080000000,0x00000000893bc0e8,0x00000000bb300000)
 Metaspace       used 74983K, committed 76608K, reserved 1179648K
  class space    used 7505K, committed 8320K, reserved 1048576K
}
Event: 8293.827 GC heap after
{Heap after GC invocations=766 (full 4):
 PSYoungGen      total 4608K, used 293K [0x00000000d5580000, 0x00000000d5b00000, 0x0000000100000000)
  eden space 4096K, 0% used [0x00000000d5580000,0x00000000d5580000,0x00000000d5980000)
  from space 512K, 57% used [0x00000000d5a80000,0x00000000d5ac9420,0x00000000d5b00000)
  to   space 512K, 0% used [0x00000000d5a00000,0x00000000d5a00000,0x00000000d5a80000)
 ParOldGen       total 969728K, used 151536K [0x0000000080000000, 0x00000000bb300000, 0x00000000d5580000)
  object space 969728K, 15% used [0x0000000080000000,0x00000000893fc0e8,0x00000000bb300000)
 Metaspace       used 74983K, committed 76608K, reserved 1179648K
  class space    used 7505K, committed 8320K, reserved 1048576K
}
Event: 8303.469 GC heap before
{Heap before GC invocations=767 (full 4):
 PSYoungGen      total 4608K, used 4386K [0x00000000d5580000, 0x00000000d5b00000, 0x0000000100000000)
  eden space 4096K, 99% used [0x00000000d5580000,0x00000000d597f740,0x00000000d5980000)
  from space 512K, 57% used [0x00000000d5a80000,0x00000000d5ac9420,0x00000000d5b00000)
  to   space 512K, 0% used [0x00000000d5a00000,0x00000000d5a00000,0x00000000d5a80000)
 ParOldGen       total 969728K, used 151536K [0x0000000080000000, 0x00000000bb300000, 0x00000000d5580000)
  object space 969728K, 15% used [0x0000000080000000,0x00000000893fc0e8,0x00000000bb300000)
 Metaspace       used 75018K, committed 76672K, reserved 1179648K
  class space    used 7508K, committed 8320K, reserved 1048576K
}
Event: 8303.472 GC heap after
{Heap after GC invocations=767 (full 4):
 PSYoungGen      total 4608K, used 320K [0x00000000d5580000, 0x00000000d5b00000, 0x0000000100000000)
  eden space 4096K, 0% used [0x00000000d5580000,0x00000000d5580000,0x00000000d5980000)
  from space 512K, 62% used [0x00000000d5a00000,0x00000000d5a50020,0x00000000d5a80000)
  to   space 512K, 0% used [0x00000000d5a80000,0x00000000d5a80000,0x00000000d5b00000)
 ParOldGen       total 969728K, used 151737K [0x0000000080000000, 0x00000000bb300000, 0x00000000d5580000)
  object space 969728K, 15% used [0x0000000080000000,0x000000008942e6a0,0x00000000bb300000)
 Metaspace       used 75018K, committed 76672K, reserved 1179648K
  class space    used 7508K, committed 8320K, reserved 1048576K
}

